<?xml version="1.0" encoding="UTF-8"?>
<!-- Generated by org.testng.reporters.JUnitXMLReporter -->
<testsuite ignored="0" hostname="srivastav" failures="0" tests="5" name="Default test" time="37.251" errors="0" timestamp="2023-11-20T13:59:58 IST">
  <testcase classname="tests.HomePageTest" name="clickOnShopNewYoga" time="2.004"/>
  <testcase classname="tests.HomePageTest" name="clickOnCreateAccount" time="1.995"/>
  <testcase classname="tests.HomePageTest" name="clickOnWomen" time="2.052"/>
  <testcase classname="tests.HomePageTest" name="clickOnMen" time="2.226"/>
  <testcase classname="tests.HomePageTest" name="clickOnSigninLink" time="1.964"/>
</testsuite> <!-- Default test -->
