<?xml version="1.0" encoding="UTF-8"?>
<!-- Generated by org.testng.reporters.JUnitXMLReporter -->
<testsuite ignored="2" hostname="srivastav" failures="0" tests="5" name="HomePageTest" time="38.171" errors="0" timestamp="2023-11-24T21:58:41 IST">
  <testcase classname="tests.HomePageTest" name="clickOnShopNewYoga" time="2.892"/>
  <testcase classname="tests.HomePageTest" name="clickOnCreateAccount" time="1.563"/>
  <testcase classname="tests.HomePageTest" name="clickOnWomen" time="1.996"/>
  <testcase classname="tests.HomePageTest" name="clickOnMen" time="2.103"/>
  <testcase classname="tests.HomePageTest" name="clickOnSigninLink" time="1.624"/>
  <testcase classname="tests.BaseTest" name="@BeforeSuite configPropertiesClassSetup" time="0.0">
    <ignored/>
  </testcase> <!-- @BeforeSuite configPropertiesClassSetup -->
  <testcase classname="tests.BaseTest" name="@AfterSuite suiteTearDown" time="0.0">
    <ignored/>
  </testcase> <!-- @AfterSuite suiteTearDown -->
</testsuite> <!-- HomePageTest -->
