<?xml version="1.0" encoding="UTF-8"?>
<!-- Generated by org.testng.reporters.JUnitXMLReporter -->
<testsuite ignored="2" hostname="srivastav" failures="0" tests="5" name="LoginPageTest" time="45.691" errors="0" timestamp="2023-11-24T21:59:27 IST">
  <testcase classname="tests.LoginPageTest" name="forgotPassword" time="2.922"/>
  <testcase classname="tests.LoginPageTest" name="createAccount" time="3.267"/>
  <testcase classname="tests.LoginPageTest" name="userName" time="4.322"/>
  <testcase classname="tests.LoginPageTest" name="password" time="2.147"/>
  <testcase classname="tests.LoginPageTest" name="signInButton" time="6.708"/>
  <testcase classname="tests.BaseTest" name="@BeforeSuite configPropertiesClassSetup" time="0.0">
    <ignored/>
  </testcase> <!-- @BeforeSuite configPropertiesClassSetup -->
  <testcase classname="tests.BaseTest" name="@AfterSuite suiteTearDown" time="0.0">
    <ignored/>
  </testcase> <!-- @AfterSuite suiteTearDown -->
</testsuite> <!-- LoginPageTest -->
