<?xml version="1.0" encoding="UTF-8"?>
<!-- Generated by org.testng.reporters.JUnitXMLReporter -->
<testsuite ignored="0" hostname="srivastav" failures="0" tests="5" name="Test" time="14.599" errors="0" timestamp="2023-11-19T11:23:45 IST">
  <testcase classname="tests.HomePageTest" name="clickOnShopNewYoga" time="2.178"/>
  <testcase classname="tests.HomePageTest" name="clickOnCreateAccount" time="1.368"/>
  <testcase classname="tests.HomePageTest" name="clickOnWomen" time="1.417"/>
  <testcase classname="tests.HomePageTest" name="clickOnMen" time="1.36"/>
  <testcase classname="tests.HomePageTest" name="clickOnLogin" time="1.282"/>
</testsuite> <!-- Test -->
